# JRE version: Java(TM) SE Runtime Environment (17.0.2+8) (build 17.0.2+8-LTS-86)
# Java VM: Java HotSpot(TM) 64-Bit Server VM (17.0.2+8-LTS-86, mixed mode, sharing, tiered, compressed oops, compressed class ptrs, g1 gc, windows-amd64)
GC Precious Log:
 CPUs: 4 total, 4 available
 Memory: 4008M
 Large Page Support: Disabled
 NUMA Support: Disabled
 Compressed Oops: Enabled (32-bit)
 Heap Region Size: 1M
 Heap Min Capacity: 8M
 Heap Initial Capacity: 64M
 Heap Max Capacity: 1004M
 Pre-touch: Disabled
 Parallel Workers: 4
 Concurrent Workers: 1
 Concurrent Refinement Workers: 4
 Periodic GC: Disabled
Heap:
 garbage-first heap   total 65536K, used 15061K [0x00000000c1400000, 0x0000000100000000)
  region size 1024K, 5 young (5120K), 2 survivors (2048K)
 Metaspace       used 16481K, committed 16640K, reserved 1064960K
  class space    used 2059K, committed 2112K, reserved 1048576K
GC Heap History (6 events):
Event: 3.071 GC heap before
{Heap before GC invocations=0 (full 0):
 garbage-first heap   total 65536K, used 12288K [0x00000000c1400000, 0x0000000100000000)
  region size 1024K, 13 young (13312K), 0 survivors (0K)
 Metaspace       used 3425K, committed 3520K, reserved 1056768K
  class space    used 388K, committed 448K, reserved 1048576K
}
Event: 3.084 GC heap after
{Heap after GC invocations=1 (full 0):
 garbage-first heap   total 65536K, used 3882K [0x00000000c1400000, 0x0000000100000000)
  region size 1024K, 2 young (2048K), 2 survivors (2048K)
 Metaspace       used 3425K, committed 3520K, reserved 1056768K
  class space    used 388K, committed 448K, reserved 1048576K
}
Event: 5.644 GC heap before
{Heap before GC invocations=1 (full 0):
 garbage-first heap   total 65536K, used 15146K [0x00000000c1400000, 0x0000000100000000)
  region size 1024K, 13 young (13312K), 2 survivors (2048K)
 Metaspace       used 9111K, committed 9280K, reserved 1056768K
  class space    used 1026K, committed 1152K, reserved 1048576K
}
Event: 5.652 GC heap after
{Heap after GC invocations=2 (full 0):
 garbage-first heap   total 65536K, used 6049K [0x00000000c1400000, 0x0000000100000000)
  region size 1024K, 2 young (2048K), 2 survivors (2048K)
 Metaspace       used 9111K, committed 9280K, reserved 1056768K
  class space    used 1026K, committed 1152K, reserved 1048576K
}
Event: 23.924 GC heap before
{Heap before GC invocations=2 (full 0):
 garbage-first heap   total 65536K, used 32673K [0x00000000c1400000, 0x0000000100000000)
  region size 1024K, 23 young (23552K), 2 survivors (2048K)
 Metaspace       used 15643K, committed 15872K, reserved 1064960K
  class space    used 1937K, committed 2048K, reserved 1048576K
}
Event: 23.943 GC heap after
{Heap after GC invocations=3 (full 0):
 garbage-first heap   total 65536K, used 13013K [0x00000000c1400000, 0x0000000100000000)
  region size 1024K, 2 young (2048K), 2 survivors (2048K)
 Metaspace       used 15643K, committed 15872K, reserved 1064960K
  class space    used 1937K, committed 2048K, reserved 1048576K
}

